[0.011s] Invoking command in '/home/xy/ws1/build/ur5_camera_gripper_moveit_config': AMENT_PREFIX_PATH=/home/xy/ws1/install/ur_yt_sim:${AMENT_PREFIX_PATH} CMAKE_PREFIX_PATH=/home/xy/ws1/install/ur_yt_sim:/opt/ros/humble /usr/bin/cmake /home/xy/ws1/src/ur5_camera_gripper_moveit_config -DCMAKE_INSTALL_PREFIX=/home/xy/ws1/install/ur5_camera_gripper_moveit_config
[0.083s] -- The C compiler identification is GNU 11.4.0
[0.155s] -- The CXX compiler identification is GNU 11.4.0
[0.164s] -- Detecting C compiler ABI info
[0.252s] -- Detecting C compiler ABI info - done
[0.259s] -- Check for working C compiler: /usr/bin/cc - skipped
[0.259s] -- Detecting C compile features
[0.260s] -- Detecting C compile features - done
[0.263s] -- Detecting CXX compiler ABI info
[0.369s] -- Detecting CXX compiler ABI info - done
[0.376s] -- Check for working CXX compiler: /usr/bin/c++ - skipped
[0.376s] -- Detecting CXX compile features
[0.377s] -- Detecting CXX compile features - done
[0.379s] -- Found ament_cmake: 1.3.12 (/opt/ros/humble/share/ament_cmake/cmake)
[0.560s] -- Found Python3: /usr/bin/python3 (found version "3.10.12") found components: Interpreter 
[0.732s] -- Configuring done
[0.736s] -- Generating done
[0.736s] -- Build files have been written to: /home/xy/ws1/build/ur5_camera_gripper_moveit_config
[0.748s] Invoked command in '/home/xy/ws1/build/ur5_camera_gripper_moveit_config' returned '0': AMENT_PREFIX_PATH=/home/xy/ws1/install/ur_yt_sim:${AMENT_PREFIX_PATH} CMAKE_PREFIX_PATH=/home/xy/ws1/install/ur_yt_sim:/opt/ros/humble /usr/bin/cmake /home/xy/ws1/src/ur5_camera_gripper_moveit_config -DCMAKE_INSTALL_PREFIX=/home/xy/ws1/install/ur5_camera_gripper_moveit_config
[0.749s] Invoking command in '/home/xy/ws1/build/ur5_camera_gripper_moveit_config': AMENT_PREFIX_PATH=/home/xy/ws1/install/ur_yt_sim:${AMENT_PREFIX_PATH} CMAKE_PREFIX_PATH=/home/xy/ws1/install/ur_yt_sim:/opt/ros/humble /usr/bin/cmake --build /home/xy/ws1/build/ur5_camera_gripper_moveit_config -- -j8 -l8
[0.793s] Invoked command in '/home/xy/ws1/build/ur5_camera_gripper_moveit_config' returned '0': AMENT_PREFIX_PATH=/home/xy/ws1/install/ur_yt_sim:${AMENT_PREFIX_PATH} CMAKE_PREFIX_PATH=/home/xy/ws1/install/ur_yt_sim:/opt/ros/humble /usr/bin/cmake --build /home/xy/ws1/build/ur5_camera_gripper_moveit_config -- -j8 -l8
[0.797s] Invoking command in '/home/xy/ws1/build/ur5_camera_gripper_moveit_config': AMENT_PREFIX_PATH=/home/xy/ws1/install/ur_yt_sim:${AMENT_PREFIX_PATH} CMAKE_PREFIX_PATH=/home/xy/ws1/install/ur_yt_sim:/opt/ros/humble /usr/bin/cmake --install /home/xy/ws1/build/ur5_camera_gripper_moveit_config
[0.819s] -- Install configuration: ""
[0.819s] -- Installing: /home/xy/ws1/install/ur5_camera_gripper_moveit_config/share/ament_index/resource_index/package_run_dependencies/ur5_camera_gripper_moveit_config
[0.819s] -- Installing: /home/xy/ws1/install/ur5_camera_gripper_moveit_config/share/ament_index/resource_index/parent_prefix_path/ur5_camera_gripper_moveit_config
[0.819s] -- Installing: /home/xy/ws1/install/ur5_camera_gripper_moveit_config/share/ur5_camera_gripper_moveit_config/environment/ament_prefix_path.sh
[0.819s] -- Installing: /home/xy/ws1/install/ur5_camera_gripper_moveit_config/share/ur5_camera_gripper_moveit_config/environment/ament_prefix_path.dsv
[0.819s] -- Installing: /home/xy/ws1/install/ur5_camera_gripper_moveit_config/share/ur5_camera_gripper_moveit_config/environment/path.sh
[0.819s] -- Installing: /home/xy/ws1/install/ur5_camera_gripper_moveit_config/share/ur5_camera_gripper_moveit_config/environment/path.dsv
[0.820s] -- Installing: /home/xy/ws1/install/ur5_camera_gripper_moveit_config/share/ur5_camera_gripper_moveit_config/local_setup.bash
[0.820s] -- Installing: /home/xy/ws1/install/ur5_camera_gripper_moveit_config/share/ur5_camera_gripper_moveit_config/local_setup.sh
[0.820s] -- Installing: /home/xy/ws1/install/ur5_camera_gripper_moveit_config/share/ur5_camera_gripper_moveit_config/local_setup.zsh
[0.820s] -- Installing: /home/xy/ws1/install/ur5_camera_gripper_moveit_config/share/ur5_camera_gripper_moveit_config/local_setup.dsv
[0.820s] -- Installing: /home/xy/ws1/install/ur5_camera_gripper_moveit_config/share/ur5_camera_gripper_moveit_config/package.dsv
[0.821s] -- Installing: /home/xy/ws1/install/ur5_camera_gripper_moveit_config/share/ament_index/resource_index/packages/ur5_camera_gripper_moveit_config
[0.821s] -- Installing: /home/xy/ws1/install/ur5_camera_gripper_moveit_config/share/ur5_camera_gripper_moveit_config/cmake/ur5_camera_gripper_moveit_configConfig.cmake
[0.821s] -- Installing: /home/xy/ws1/install/ur5_camera_gripper_moveit_config/share/ur5_camera_gripper_moveit_config/cmake/ur5_camera_gripper_moveit_configConfig-version.cmake
[0.821s] -- Installing: /home/xy/ws1/install/ur5_camera_gripper_moveit_config/share/ur5_camera_gripper_moveit_config/package.xml
[0.821s] -- Installing: /home/xy/ws1/install/ur5_camera_gripper_moveit_config/share/ur5_camera_gripper_moveit_config/launch
[0.821s] -- Installing: /home/xy/ws1/install/ur5_camera_gripper_moveit_config/share/ur5_camera_gripper_moveit_config/launch/rsp.launch.py
[0.821s] -- Installing: /home/xy/ws1/install/ur5_camera_gripper_moveit_config/share/ur5_camera_gripper_moveit_config/launch/setup_assistant.launch.py
[0.821s] -- Installing: /home/xy/ws1/install/ur5_camera_gripper_moveit_config/share/ur5_camera_gripper_moveit_config/launch/warehouse_db.launch.py
[0.821s] -- Installing: /home/xy/ws1/install/ur5_camera_gripper_moveit_config/share/ur5_camera_gripper_moveit_config/launch/static_virtual_joint_tfs.launch.py
[0.821s] -- Installing: /home/xy/ws1/install/ur5_camera_gripper_moveit_config/share/ur5_camera_gripper_moveit_config/launch/move_group.launch.py
[0.821s] -- Installing: /home/xy/ws1/install/ur5_camera_gripper_moveit_config/share/ur5_camera_gripper_moveit_config/launch/moveit_rviz.launch.py
[0.821s] -- Installing: /home/xy/ws1/install/ur5_camera_gripper_moveit_config/share/ur5_camera_gripper_moveit_config/launch/demo.launch.py
[0.821s] -- Installing: /home/xy/ws1/install/ur5_camera_gripper_moveit_config/share/ur5_camera_gripper_moveit_config/launch/spawn_controllers.launch.py
[0.821s] -- Installing: /home/xy/ws1/install/ur5_camera_gripper_moveit_config/share/ur5_camera_gripper_moveit_config/config
[0.822s] -- Installing: /home/xy/ws1/install/ur5_camera_gripper_moveit_config/share/ur5_camera_gripper_moveit_config/config/joint_limits.yaml
[0.822s] -- Installing: /home/xy/ws1/install/ur5_camera_gripper_moveit_config/share/ur5_camera_gripper_moveit_config/config/moveit.rviz
[0.822s] -- Installing: /home/xy/ws1/install/ur5_camera_gripper_moveit_config/share/ur5_camera_gripper_moveit_config/config/initial_positions.yaml
[0.822s] -- Installing: /home/xy/ws1/install/ur5_camera_gripper_moveit_config/share/ur5_camera_gripper_moveit_config/config/pilz_industrial_motion_planner_planning.yaml
[0.822s] -- Installing: /home/xy/ws1/install/ur5_camera_gripper_moveit_config/share/ur5_camera_gripper_moveit_config/config/sensors_3d.yaml
[0.822s] -- Installing: /home/xy/ws1/install/ur5_camera_gripper_moveit_config/share/ur5_camera_gripper_moveit_config/config/ros2_controllers.yaml
[0.822s] -- Installing: /home/xy/ws1/install/ur5_camera_gripper_moveit_config/share/ur5_camera_gripper_moveit_config/config/lerp_planning.yaml
[0.822s] -- Installing: /home/xy/ws1/install/ur5_camera_gripper_moveit_config/share/ur5_camera_gripper_moveit_config/config/ur.urdf.xacro
[0.822s] -- Installing: /home/xy/ws1/install/ur5_camera_gripper_moveit_config/share/ur5_camera_gripper_moveit_config/config/chomp_planning.yaml
[0.822s] -- Installing: /home/xy/ws1/install/ur5_camera_gripper_moveit_config/share/ur5_camera_gripper_moveit_config/config/ur.srdf
[0.822s] -- Installing: /home/xy/ws1/install/ur5_camera_gripper_moveit_config/share/ur5_camera_gripper_moveit_config/config/ompl_planning.yaml
[0.822s] -- Installing: /home/xy/ws1/install/ur5_camera_gripper_moveit_config/share/ur5_camera_gripper_moveit_config/config/moveit_controllers.yaml
[0.823s] -- Installing: /home/xy/ws1/install/ur5_camera_gripper_moveit_config/share/ur5_camera_gripper_moveit_config/config/ur.ros2_control.xacro
[0.823s] -- Installing: /home/xy/ws1/install/ur5_camera_gripper_moveit_config/share/ur5_camera_gripper_moveit_config/config/sensors_kinect_pointcloud.yaml
[0.823s] -- Installing: /home/xy/ws1/install/ur5_camera_gripper_moveit_config/share/ur5_camera_gripper_moveit_config/config/pilz_cartesian_limits.yaml
[0.823s] -- Installing: /home/xy/ws1/install/ur5_camera_gripper_moveit_config/share/ur5_camera_gripper_moveit_config/config/trajopt_planning.yaml
[0.823s] -- Installing: /home/xy/ws1/install/ur5_camera_gripper_moveit_config/share/ur5_camera_gripper_moveit_config/config/kinematics.yaml
[0.823s] -- Installing: /home/xy/ws1/install/ur5_camera_gripper_moveit_config/share/ur5_camera_gripper_moveit_config/.setup_assistant
[0.829s] Invoked command in '/home/xy/ws1/build/ur5_camera_gripper_moveit_config' returned '0': AMENT_PREFIX_PATH=/home/xy/ws1/install/ur_yt_sim:${AMENT_PREFIX_PATH} CMAKE_PREFIX_PATH=/home/xy/ws1/install/ur_yt_sim:/opt/ros/humble /usr/bin/cmake --install /home/xy/ws1/build/ur5_camera_gripper_moveit_config
