[0.017s] Invoking command in '/home/xy/ws1/build/ros2_linkattacher': AMENT_PREFIX_PATH=/home/xy/ws1/install/linkattacher_msgs:${AMENT_PREFIX_PATH} CMAKE_PREFIX_PATH=/home/xy/ws1/install/linkattacher_msgs:/opt/ros/humble LD_LIBRARY_PATH=/home/xy/ws1/install/linkattacher_msgs/lib:${LD_LIBRARY_PATH} PYTHONPATH=/home/xy/ws1/install/linkattacher_msgs/local/lib/python3.10/dist-packages:${PYTHONPATH} /usr/bin/cmake /home/xy/ws1/src/IFRA_LinkAttacher/ros2_LinkAttacher -DCMAKE_INSTALL_PREFIX=/home/xy/ws1/install/ros2_linkattacher
[0.088s] -- The C compiler identification is GNU 11.4.0
[0.155s] -- The CXX compiler identification is GNU 11.4.0
[0.167s] -- Detecting C compiler ABI info
[0.263s] -- Detecting C compiler ABI info - done
[0.269s] -- Check for working C compiler: /usr/bin/cc - skipped
[0.270s] -- Detecting C compile features
[0.270s] -- Detecting C compile features - done
[0.274s] -- Detecting CXX compiler ABI info
[0.376s] -- Detecting CXX compiler ABI info - done
[0.383s] -- Check for working CXX compiler: /usr/bin/c++ - skipped
[0.386s] -- Detecting CXX compile features
[0.386s] -- Detecting CXX compile features - done
[0.387s] -- Found ament_cmake: 1.3.12 (/opt/ros/humble/share/ament_cmake/cmake)
[0.574s] -- Found Python3: /usr/bin/python3 (found version "3.10.12") found components: Interpreter 
[0.683s] -- Found ament_lint_auto: 0.12.14 (/opt/ros/humble/share/ament_lint_auto/cmake)
[0.774s] -- Found gazebo_ros: 3.9.0 (/opt/ros/humble/share/gazebo_ros/cmake)
[0.821s] -- Found rosidl_generator_c: 3.1.7 (/opt/ros/humble/share/rosidl_generator_c/cmake)
[0.827s] -- Found rosidl_adapter: 3.1.7 (/opt/ros/humble/share/rosidl_adapter/cmake)
[0.836s] -- Found rosidl_generator_cpp: 3.1.7 (/opt/ros/humble/share/rosidl_generator_cpp/cmake)
[0.850s] -- Using all available rosidl_typesupport_c: rosidl_typesupport_fastrtps_c;rosidl_typesupport_introspection_c
[0.867s] -- Using all available rosidl_typesupport_cpp: rosidl_typesupport_fastrtps_cpp;rosidl_typesupport_introspection_cpp
[0.911s] -- Found rmw_implementation_cmake: 6.1.2 (/opt/ros/humble/share/rmw_implementation_cmake/cmake)
[0.915s] -- Found rmw_fastrtps_cpp: 6.2.8 (/opt/ros/humble/share/rmw_fastrtps_cpp/cmake)
[1.024s] -- Found OpenSSL: /usr/lib/x86_64-linux-gnu/libcrypto.so (found version "3.0.2")  
[1.054s] -- Found FastRTPS: /opt/ros/humble/include  
[1.102s] -- Using RMW implementation 'rmw_fastrtps_cpp' as default
[1.112s] -- Looking for pthread.h
[1.211s] -- Looking for pthread.h - found
[1.212s] -- Performing Test CMAKE_HAVE_LIBC_PTHREAD
[1.309s] -- Performing Test CMAKE_HAVE_LIBC_PTHREAD - Success
[1.310s] -- Found Threads: TRUE  
[1.387s] -- Found PkgConfig: /usr/bin/pkg-config (found version "0.29.2") 
[1.389s] -- Checking for module 'bullet>=2.82'
[1.413s] --   Found bullet, version 3.05
[1.576s] -- Found fcl: /usr/include (found suitable version "0.7.0", minimum required is "0.5.0") 
[1.644s] -- Found assimp: /usr/include (found version "5.2.0") 
[1.664s] -- Found DART: /usr/include (Required is at least version "6.6") found components: dart 
[1.696s] -- Found Boost: /usr/lib/x86_64-linux-gnu/cmake/Boost-1.74.0/BoostConfig.cmake (found suitable version "1.74.0", minimum required is "1.40.0") found components: thread system filesystem program_options regex iostreams date_time 
[1.711s] -- Found Protobuf: /usr/lib/x86_64-linux-gnu/libprotobuf.so (found version "3.12.4") 
[1.718s] -- Looking for ignition-math6 -- found version 6.15.1
[1.725s] -- Searching for dependencies of ignition-math6
[1.727s] -- Looking for OGRE...
[1.727s] -- OGRE_PREFIX_WATCH changed.
[1.734s] -- Checking for module 'OGRE'
[1.752s] --   Found OGRE, version 1.9.0
[1.797s] -- Found Ogre Ghadamon (1.9.0)
[1.805s] -- Found OGRE: optimized;/usr/lib/x86_64-linux-gnu/libOgreMain.so;debug;/usr/lib/x86_64-linux-gnu/libOgreMain.so
[1.819s] -- Looking for OGRE_Paging...
[1.825s] -- Found OGRE_Paging: optimized;/usr/lib/x86_64-linux-gnu/libOgrePaging.so;debug;/usr/lib/x86_64-linux-gnu/libOgrePaging.so
[1.825s] -- Looking for OGRE_Terrain...
[1.830s] -- Found OGRE_Terrain: optimized;/usr/lib/x86_64-linux-gnu/libOgreTerrain.so;debug;/usr/lib/x86_64-linux-gnu/libOgreTerrain.so
[1.830s] -- Looking for OGRE_Property...
[1.836s] -- Found OGRE_Property: optimized;/usr/lib/x86_64-linux-gnu/libOgreProperty.so;debug;/usr/lib/x86_64-linux-gnu/libOgreProperty.so
[1.836s] -- Looking for OGRE_RTShaderSystem...
[1.839s] -- Found OGRE_RTShaderSystem: optimized;/usr/lib/x86_64-linux-gnu/libOgreRTShaderSystem.so;debug;/usr/lib/x86_64-linux-gnu/libOgreRTShaderSystem.so
[1.839s] -- Looking for OGRE_Volume...
[1.843s] -- Found OGRE_Volume: optimized;/usr/lib/x86_64-linux-gnu/libOgreVolume.so;debug;/usr/lib/x86_64-linux-gnu/libOgreVolume.so
[1.843s] -- Looking for OGRE_Overlay...
[1.849s] -- Found OGRE_Overlay: optimized;/usr/lib/x86_64-linux-gnu/libOgreOverlay.so;debug;/usr/lib/x86_64-linux-gnu/libOgreOverlay.so
[1.963s] -- Looking for ignition-math6 -- found version 6.15.1
[1.963s] -- Looking for ignition-transport8 -- found version 8.2.1
[1.963s] -- Searching for dependencies of ignition-transport8
[1.983s] -- Found Protobuf: /usr/lib/x86_64-linux-gnu/libprotobuf.so (found suitable version "3.12.4", minimum required is "3") 
[1.993s] -- Config-file not installed for ZeroMQ -- checking for pkg-config
[2.001s] -- Checking for module 'libzmq >= 4'
[2.023s] --   Found libzmq , version 4.3.4
[2.089s] -- Found ZeroMQ: TRUE (Required is at least version "4") 
[2.096s] -- Checking for module 'uuid'
[2.116s] --   Found uuid, version 2.37.2
[2.175s] -- Found UUID: TRUE  
[2.177s] -- Looking for ignition-msgs5 -- found version 5.8.1
[2.177s] -- Searching for dependencies of ignition-msgs5
[2.200s] -- Looking for ignition-math6 -- found version 6.15.1
[2.207s] -- Checking for module 'tinyxml2'
[2.226s] --   Found tinyxml2, version 9.0.0
[2.276s] -- Looking for ignition-msgs5 -- found version 5.8.1
[2.278s] -- Looking for ignition-common3 -- found version 3.14.0
[2.279s] -- Searching for dependencies of ignition-common3
[2.279s] -- Looking for dlfcn.h - found
[2.281s] -- Looking for libdl - found
[2.283s] -- Found DL: TRUE  
[2.296s] -- Found tinyobjloader: /usr/lib/x86_64-linux-gnu/cmake/tinyobjloader/tinyobjloader-config.cmake (found version "2.0.0") 
[2.296s] -- Searching for <ignition-common3> component [graphics]
[2.298s] -- Looking for ignition-common3-graphics -- found version 3.14.0
[2.299s] -- Searching for dependencies of ignition-common3-graphics
[2.299s] -- Looking for ignition-math6 -- found version 6.15.1
[2.302s] -- Looking for ignition-fuel_tools4 -- found version 4.4.0
[2.303s] -- Searching for dependencies of ignition-fuel_tools4
[2.407s] -- Found CURL: /usr/lib/x86_64-linux-gnu/libcurl.so (found version "7.81.0")  
[2.421s] -- Checking for module 'jsoncpp'
[2.441s] --   Found jsoncpp, version 1.9.5
[2.491s] -- Found JSONCPP: TRUE  
[2.499s] -- Checking for module 'libzip'
[2.519s] --   Found libzip, version 1.7.3
[2.566s] -- Found ZIP: TRUE  
[2.566s] -- Looking for ignition-common3 -- found version 3.14.0
[2.567s] -- Looking for ignition-math6 -- found version 6.15.1
[2.567s] -- Looking for ignition-msgs5 -- found version 5.8.1
[2.571s] -- Gazebo version: 11.10
[2.571s] -- Checking for module 'tbb'
[2.589s] --   Found tbb, version 2021.5.0
[2.638s] -- Found gazebo_msgs: 3.9.0 (/opt/ros/humble/share/gazebo_msgs/cmake)
[2.689s] -- Found linkattacher_msgs: 0.0.0 (/home/xy/ws1/install/linkattacher_msgs/share/linkattacher_msgs/cmake)
[2.707s] -- Added test 'copyright' to check source files copyright and LICENSE
[2.708s] -- Added test 'cppcheck' to perform static code analysis on C / C++ code
[2.709s] -- Configured cppcheck include dirs: /home/xy/ws1/src/IFRA_LinkAttacher/ros2_LinkAttacher/include
[2.709s] -- Configured cppcheck exclude dirs and/or files: 
[2.710s] -- Added test 'cpplint' to check C / C++ code against the Google style
[2.711s] -- Configured cpplint exclude dirs and/or files: 
[2.711s] -- Added test 'lint_cmake' to check CMake code style
[2.717s] -- Added test 'uncrustify' to check C / C++ code style
[2.717s] -- Configured uncrustify additional arguments: 
[2.717s] -- Added test 'xmllint' to check XML markup files
[2.718s] -- Configuring done
[2.767s] -- Generating done
[2.773s] -- Build files have been written to: /home/xy/ws1/build/ros2_linkattacher
[2.790s] Invoked command in '/home/xy/ws1/build/ros2_linkattacher' returned '0': AMENT_PREFIX_PATH=/home/xy/ws1/install/linkattacher_msgs:${AMENT_PREFIX_PATH} CMAKE_PREFIX_PATH=/home/xy/ws1/install/linkattacher_msgs:/opt/ros/humble LD_LIBRARY_PATH=/home/xy/ws1/install/linkattacher_msgs/lib:${LD_LIBRARY_PATH} PYTHONPATH=/home/xy/ws1/install/linkattacher_msgs/local/lib/python3.10/dist-packages:${PYTHONPATH} /usr/bin/cmake /home/xy/ws1/src/IFRA_LinkAttacher/ros2_LinkAttacher -DCMAKE_INSTALL_PREFIX=/home/xy/ws1/install/ros2_linkattacher
[2.795s] Invoking command in '/home/xy/ws1/build/ros2_linkattacher': AMENT_PREFIX_PATH=/home/xy/ws1/install/linkattacher_msgs:${AMENT_PREFIX_PATH} CMAKE_PREFIX_PATH=/home/xy/ws1/install/linkattacher_msgs:/opt/ros/humble LD_LIBRARY_PATH=/home/xy/ws1/install/linkattacher_msgs/lib:${LD_LIBRARY_PATH} PYTHONPATH=/home/xy/ws1/install/linkattacher_msgs/local/lib/python3.10/dist-packages:${PYTHONPATH} /usr/bin/cmake --build /home/xy/ws1/build/ros2_linkattacher -- -j8 -l8
[2.874s] [ 50%] [32mBuilding CXX object CMakeFiles/gazebo_link_attacher.dir/src/gazebo_link_attacher.cpp.o[0m
[18.432s] [100%] [32m[1mLinking CXX shared library libgazebo_link_attacher.so[0m
[19.108s] [100%] Built target gazebo_link_attacher
[19.128s] Invoked command in '/home/xy/ws1/build/ros2_linkattacher' returned '0': AMENT_PREFIX_PATH=/home/xy/ws1/install/linkattacher_msgs:${AMENT_PREFIX_PATH} CMAKE_PREFIX_PATH=/home/xy/ws1/install/linkattacher_msgs:/opt/ros/humble LD_LIBRARY_PATH=/home/xy/ws1/install/linkattacher_msgs/lib:${LD_LIBRARY_PATH} PYTHONPATH=/home/xy/ws1/install/linkattacher_msgs/local/lib/python3.10/dist-packages:${PYTHONPATH} /usr/bin/cmake --build /home/xy/ws1/build/ros2_linkattacher -- -j8 -l8
[19.131s] Invoking command in '/home/xy/ws1/build/ros2_linkattacher': AMENT_PREFIX_PATH=/home/xy/ws1/install/linkattacher_msgs:${AMENT_PREFIX_PATH} CMAKE_PREFIX_PATH=/home/xy/ws1/install/linkattacher_msgs:/opt/ros/humble LD_LIBRARY_PATH=/home/xy/ws1/install/linkattacher_msgs/lib:${LD_LIBRARY_PATH} PYTHONPATH=/home/xy/ws1/install/linkattacher_msgs/local/lib/python3.10/dist-packages:${PYTHONPATH} /usr/bin/cmake --install /home/xy/ws1/build/ros2_linkattacher
[19.140s] -- Install configuration: ""
[19.141s] -- Installing: /home/xy/ws1/install/ros2_linkattacher/share/ros2_linkattacher/environment/library_path.sh
[19.143s] -- Installing: /home/xy/ws1/install/ros2_linkattacher/share/ros2_linkattacher/environment/library_path.dsv
[19.143s] -- Installing: /home/xy/ws1/install/ros2_linkattacher/lib/libgazebo_link_attacher.so
[19.146s] -- Set runtime path of "/home/xy/ws1/install/ros2_linkattacher/lib/libgazebo_link_attacher.so" to ""
[19.147s] -- Installing: /home/xy/ws1/install/ros2_linkattacher/share/ament_index/resource_index/package_run_dependencies/ros2_linkattacher
[19.147s] -- Installing: /home/xy/ws1/install/ros2_linkattacher/share/ament_index/resource_index/parent_prefix_path/ros2_linkattacher
[19.147s] -- Installing: /home/xy/ws1/install/ros2_linkattacher/share/ros2_linkattacher/environment/ament_prefix_path.sh
[19.147s] -- Installing: /home/xy/ws1/install/ros2_linkattacher/share/ros2_linkattacher/environment/ament_prefix_path.dsv
[19.147s] -- Installing: /home/xy/ws1/install/ros2_linkattacher/share/ros2_linkattacher/environment/path.sh
[19.149s] -- Installing: /home/xy/ws1/install/ros2_linkattacher/share/ros2_linkattacher/environment/path.dsv
[19.150s] -- Installing: /home/xy/ws1/install/ros2_linkattacher/share/ros2_linkattacher/local_setup.bash
[19.150s] -- Installing: /home/xy/ws1/install/ros2_linkattacher/share/ros2_linkattacher/local_setup.sh
[19.150s] -- Installing: /home/xy/ws1/install/ros2_linkattacher/share/ros2_linkattacher/local_setup.zsh
[19.150s] -- Installing: /home/xy/ws1/install/ros2_linkattacher/share/ros2_linkattacher/local_setup.dsv
[19.150s] -- Installing: /home/xy/ws1/install/ros2_linkattacher/share/ros2_linkattacher/package.dsv
[19.150s] -- Installing: /home/xy/ws1/install/ros2_linkattacher/share/ament_index/resource_index/packages/ros2_linkattacher
[19.150s] -- Installing: /home/xy/ws1/install/ros2_linkattacher/share/ros2_linkattacher/cmake/ament_cmake_export_libraries-extras.cmake
[19.150s] -- Installing: /home/xy/ws1/install/ros2_linkattacher/share/ros2_linkattacher/cmake/ros2_linkattacherConfig.cmake
[19.150s] -- Installing: /home/xy/ws1/install/ros2_linkattacher/share/ros2_linkattacher/cmake/ros2_linkattacherConfig-version.cmake
[19.151s] -- Installing: /home/xy/ws1/install/ros2_linkattacher/share/ros2_linkattacher/package.xml
[19.154s] Invoked command in '/home/xy/ws1/build/ros2_linkattacher' returned '0': AMENT_PREFIX_PATH=/home/xy/ws1/install/linkattacher_msgs:${AMENT_PREFIX_PATH} CMAKE_PREFIX_PATH=/home/xy/ws1/install/linkattacher_msgs:/opt/ros/humble LD_LIBRARY_PATH=/home/xy/ws1/install/linkattacher_msgs/lib:${LD_LIBRARY_PATH} PYTHONPATH=/home/xy/ws1/install/linkattacher_msgs/local/lib/python3.10/dist-packages:${PYTHONPATH} /usr/bin/cmake --install /home/xy/ws1/build/ros2_linkattacher
